<?xml version="1.0" encoding="UTF-8"?>
<!-- Generated by org.testng.reporters.JUnitReportReporter -->
<testsuite hostname="LAP-ART-MP249ZM3" failures="0" tests="1" name="Restt.Restt.ss" time="1.942" errors="0" timestamp="2024-04-03T18:05:12 IST" skipped="0">
  <testcase classname="Restt.Restt.ss" name="Get" time="1.942"/>
  <system-out/>
</testsuite> <!-- Restt.Restt.ss -->
